{"/home/mrsmithz/soft-dev-final/backend/app.ts": {"path":"/home/mrsmithz/soft-dev-final/backend/app.ts","statementMap":{"0":{"start":{"line":1,"column":0},"end":{"line":1,"column":77}},"1":{"start":{"line":2,"column":0},"end":{"line":2,"column":27}},"2":{"start":{"line":3,"column":0},"end":{"line":3,"column":23}},"3":{"start":{"line":4,"column":0},"end":{"line":4,"column":27}},"4":{"start":{"line":5,"column":0},"end":{"line":5,"column":69}},"5":{"start":{"line":6,"column":0},"end":{"line":6,"column":40}},"6":{"start":{"line":7,"column":0},"end":{"line":7,"column":60}},"7":{"start":{"line":9,"column":0},"end":{"line":9,"column":null}},"8":{"start":{"line":11,"column":26},"end":{"line":11,"column":35}},"9":{"start":{"line":14,"column":0},"end":{"line":20,"column":null}},"10":{"start":{"line":15,"column":4},"end":{"line":19,"column":null}},"11":{"start":{"line":21,"column":0},"end":{"line":21,"column":null}},"12":{"start":{"line":22,"column":0},"end":{"line":22,"column":null}},"13":{"start":{"line":23,"column":0},"end":{"line":23,"column":null}},"14":{"start":{"line":26,"column":0},"end":{"line":30,"column":null}},"15":{"start":{"line":26,"column":81},"end":{"line":30,"column":2}},"16":{"start":{"line":27,"column":4},"end":{"line":29,"column":null}},"17":{"start":{"line":31,"column":0},"end":{"line":35,"column":null}},"18":{"start":{"line":31,"column":84},"end":{"line":35,"column":2}},"19":{"start":{"line":32,"column":17},"end":{"line":32,"column":38}},"20":{"start":{"line":33,"column":19},"end":{"line":33,"column":39}},"21":{"start":{"line":34,"column":4},"end":{"line":34,"column":null}},"22":{"start":{"line":36,"column":0},"end":{"line":36,"column":null}}},"fnMap":{"0":{"name":"(anonymous_8)","decl":{"start":{"line":14,"column":21},"end":{"line":14,"column":22}},"loc":{"start":{"line":14,"column":70},"end":{"line":20,"column":1}}},"1":{"name":"(anonymous_9)","decl":{"start":{"line":26,"column":19},"end":{"line":26,"column":26}},"loc":{"start":{"line":26,"column":81},"end":{"line":30,"column":2}}},"2":{"name":"(anonymous_10)","decl":{"start":{"line":26,"column":81},"end":{"line":26,"column":null}},"loc":{"start":{"line":26,"column":81},"end":{"line":30,"column":1}}},"3":{"name":"(anonymous_11)","decl":{"start":{"line":31,"column":22},"end":{"line":31,"column":29}},"loc":{"start":{"line":31,"column":84},"end":{"line":35,"column":2}}},"4":{"name":"(anonymous_12)","decl":{"start":{"line":31,"column":84},"end":{"line":31,"column":null}},"loc":{"start":{"line":31,"column":84},"end":{"line":35,"column":1}}}},"branchMap":{},"s":{"0":1,"1":1,"2":1,"3":1,"4":1,"5":1,"6":1,"7":1,"8":1,"9":1,"10":1,"11":1,"12":1,"13":1,"14":1,"15":0,"16":0,"17":1,"18":1,"19":1,"20":1,"21":1,"22":1},"f":{"0":1,"1":0,"2":0,"3":1,"4":1},"b":{}}
,"/home/mrsmithz/soft-dev-final/backend/src/controller/vaccine.controller.ts": {"path":"/home/mrsmithz/soft-dev-final/backend/src/controller/vaccine.controller.ts","statementMap":{"0":{"start":{"line":1,"column":0},"end":{"line":1,"column":32}},"1":{"start":{"line":2,"column":0},"end":{"line":2,"column":64}},"2":{"start":{"line":4,"column":24},"end":{"line":19,"column":null}},"3":{"start":{"line":4,"column":51},"end":{"line":19,"column":null}},"4":{"start":{"line":5,"column":26},"end":{"line":7,"column":null}},"5":{"start":{"line":8,"column":18},"end":{"line":8,"column":60}},"6":{"start":{"line":9,"column":4},"end":{"line":17,"column":null}},"7":{"start":{"line":10,"column":23},"end":{"line":10,"column":46}},"8":{"start":{"line":11,"column":8},"end":{"line":11,"column":null}},"9":{"start":{"line":12,"column":8},"end":{"line":12,"column":null}},"10":{"start":{"line":15,"column":8},"end":{"line":15,"column":null}},"11":{"start":{"line":16,"column":8},"end":{"line":16,"column":null}},"12":{"start":{"line":4,"column":13},"end":{"line":4,"column":24}}},"fnMap":{"0":{"name":"(anonymous_8)","decl":{"start":{"line":4,"column":24},"end":{"line":4,"column":31}},"loc":{"start":{"line":4,"column":51},"end":{"line":19,"column":null}}},"1":{"name":"(anonymous_9)","decl":{"start":{"line":4,"column":51},"end":{"line":4,"column":null}},"loc":{"start":{"line":4,"column":51},"end":{"line":19,"column":1}}}},"branchMap":{},"s":{"0":1,"1":1,"2":1,"3":1,"4":1,"5":1,"6":1,"7":1,"8":1,"9":1,"10":0,"11":0,"12":1},"f":{"0":1,"1":1},"b":{}}
,"/home/mrsmithz/soft-dev-final/backend/src/model/User.ts": {"path":"/home/mrsmithz/soft-dev-final/backend/src/model/User.ts","statementMap":{"0":{"start":{"line":1,"column":0},"end":{"line":1,"column":39}},"1":{"start":{"line":3,"column":28},"end":{"line":23,"column":23}},"2":{"start":{"line":25,"column":13},"end":{"line":25,"column":38}},"3":{"start":{"line":27,"column":0},"end":{"line":27,"column":null}}},"fnMap":{},"branchMap":{},"s":{"0":1,"1":1,"2":1,"3":1},"f":{},"b":{}}
,"/home/mrsmithz/soft-dev-final/backend/src/utils/db.ts": {"path":"/home/mrsmithz/soft-dev-final/backend/src/utils/db.ts","statementMap":{"0":{"start":{"line":1,"column":0},"end":{"line":1,"column":31}},"1":{"start":{"line":2,"column":0},"end":{"line":2,"column":27}},"2":{"start":{"line":3,"column":0},"end":{"line":3,"column":null}},"3":{"start":{"line":6,"column":20},"end":{"line":12,"column":null}},"4":{"start":{"line":6,"column":43},"end":{"line":12,"column":null}},"5":{"start":{"line":7,"column":4},"end":{"line":11,"column":null}},"6":{"start":{"line":27,"column":9},"end":{"line":27,"column":20}},"7":{"start":{"line":13,"column":25},"end":{"line":15,"column":null}},"8":{"start":{"line":13,"column":36},"end":{"line":15,"column":null}},"9":{"start":{"line":14,"column":4},"end":{"line":14,"column":null}},"10":{"start":{"line":27,"column":22},"end":{"line":27,"column":38}},"11":{"start":{"line":17,"column":16},"end":{"line":26,"column":null}},"12":{"start":{"line":17,"column":49},"end":{"line":26,"column":null}},"13":{"start":{"line":18,"column":24},"end":{"line":18,"column":55}},"14":{"start":{"line":19,"column":4},"end":{"line":25,"column":null}},"15":{"start":{"line":20,"column":8},"end":{"line":23,"column":null}},"16":{"start":{"line":20,"column":31},"end":{"line":20,"column":41}},"17":{"start":{"line":21,"column":31},"end":{"line":21,"column":47}},"18":{"start":{"line":22,"column":12},"end":{"line":22,"column":null}},"19":{"start":{"line":27,"column":40},"end":{"line":27,"column":47}}},"fnMap":{"0":{"name":"(anonymous_8)","decl":{"start":{"line":6,"column":20},"end":{"line":6,"column":27}},"loc":{"start":{"line":6,"column":43},"end":{"line":12,"column":null}}},"1":{"name":"(anonymous_9)","decl":{"start":{"line":6,"column":43},"end":{"line":6,"column":null}},"loc":{"start":{"line":6,"column":43},"end":{"line":12,"column":1}}},"2":{"name":"(anonymous_10)","decl":{"start":{"line":13,"column":25},"end":{"line":13,"column":34}},"loc":{"start":{"line":13,"column":36},"end":{"line":15,"column":null}}},"3":{"name":"(anonymous_11)","decl":{"start":{"line":13,"column":36},"end":{"line":13,"column":null}},"loc":{"start":{"line":13,"column":36},"end":{"line":15,"column":1}}},"4":{"name":"(anonymous_12)","decl":{"start":{"line":17,"column":16},"end":{"line":17,"column":23}},"loc":{"start":{"line":17,"column":49},"end":{"line":26,"column":null}}},"5":{"name":"(anonymous_13)","decl":{"start":{"line":17,"column":49},"end":{"line":17,"column":null}},"loc":{"start":{"line":17,"column":49},"end":{"line":26,"column":1}}},"6":{"name":"(anonymous_14)","decl":{"start":{"line":20,"column":25},"end":{"line":20,"column":27}},"loc":{"start":{"line":20,"column":31},"end":{"line":20,"column":41}}}},"branchMap":{"0":{"loc":{"start":{"line":17,"column":23},"end":{"line":17,"column":45}},"type":"default-arg","locations":[{"start":{"line":17,"column":43},"end":{"line":17,"column":45}}]},"1":{"loc":{"start":{"line":20,"column":8},"end":{"line":23,"column":null}},"type":"if","locations":[{"start":{"line":20,"column":8},"end":{"line":23,"column":null}}]}},"s":{"0":1,"1":1,"2":1,"3":1,"4":1,"5":1,"6":1,"7":1,"8":1,"9":1,"10":1,"11":1,"12":1,"13":1,"14":1,"15":1,"16":0,"17":1,"18":1,"19":1},"f":{"0":1,"1":1,"2":1,"3":1,"4":1,"5":1,"6":0},"b":{"0":[1],"1":[1]}}
,"/home/mrsmithz/soft-dev-final/backend/src/utils/metrics.ts": {"path":"/home/mrsmithz/soft-dev-final/backend/src/utils/metrics.ts","statementMap":{"0":{"start":{"line":1,"column":0},"end":{"line":1,"column":42}},"1":{"start":{"line":2,"column":0},"end":{"line":2,"column":29}},"2":{"start":{"line":4,"column":12},"end":{"line":4,"column":21}},"3":{"start":{"line":6,"column":13},"end":{"line":11,"column":null}},"4":{"start":{"line":12,"column":13},"end":{"line":16,"column":null}},"5":{"start":{"line":18,"column":34},"end":{"line":31,"column":1}},"6":{"start":{"line":19,"column":4},"end":{"line":19,"column":null}},"7":{"start":{"line":20,"column":4},"end":{"line":20,"column":null}},"8":{"start":{"line":22,"column":17},"end":{"line":22,"column":56}},"9":{"start":{"line":23,"column":4},"end":{"line":27,"column":null}},"10":{"start":{"line":23,"column":43},"end":{"line":27,"column":6}},"11":{"start":{"line":24,"column":8},"end":{"line":24,"column":null}},"12":{"start":{"line":26,"column":8},"end":{"line":26,"column":null}},"13":{"start":{"line":28,"column":4},"end":{"line":30,"column":null}},"14":{"start":{"line":29,"column":8},"end":{"line":29,"column":62}},"15":{"start":{"line":18,"column":13},"end":{"line":18,"column":34}}},"fnMap":{"0":{"name":"(anonymous_8)","decl":{"start":{"line":18,"column":34},"end":{"line":18,"column":37}},"loc":{"start":{"line":18,"column":39},"end":{"line":31,"column":1}}},"1":{"name":"(anonymous_9)","decl":{"start":{"line":23,"column":24},"end":{"line":23,"column":31}},"loc":{"start":{"line":23,"column":43},"end":{"line":27,"column":6}}},"2":{"name":"(anonymous_10)","decl":{"start":{"line":23,"column":43},"end":{"line":23,"column":null}},"loc":{"start":{"line":23,"column":43},"end":{"line":27,"column":5}}},"3":{"name":"(anonymous_11)","decl":{"start":{"line":28,"column":21},"end":{"line":28,"column":24}},"loc":{"start":{"line":28,"column":26},"end":{"line":30,"column":5}}}},"branchMap":{"0":{"loc":{"start":{"line":22,"column":17},"end":{"line":22,"column":56}},"type":"cond-expr","locations":[{"start":{"line":22,"column":48},"end":{"line":22,"column":52}},{"start":{"line":22,"column":52},"end":{"line":22,"column":56}}]},"1":{"loc":{"start":{"line":22,"column":17},"end":{"line":22,"column":52}},"type":"binary-expr","locations":[{"start":{"line":22,"column":17},"end":{"line":22,"column":52}},{"start":{"line":22,"column":48},"end":{"line":22,"column":52}}]}},"s":{"0":1,"1":1,"2":1,"3":1,"4":1,"5":1,"6":0,"7":0,"8":0,"9":0,"10":0,"11":0,"12":0,"13":0,"14":0,"15":1},"f":{"0":0,"1":0,"2":0,"3":0},"b":{"0":[0,0],"1":[0,0]}}
}
